/*C1*/SET SCHEMA SYSTEM_LOBS
INSERT INTO BLOCKS VALUES(0,2147483647,0)
COMMIT
/*C2*/SET SCHEMA PUBLIC
CREATE TABLE "PUBLIC"."flyway_schema_history" (\u000a    "installed_rank" INT NOT NULL,\u000a    "version" VARCHAR(50),\u000a    "description" VARCHAR(200) NOT NULL,\u000a    "type" VARCHAR(20) NOT NULL,\u000a    "script" VARCHAR(1000) NOT NULL,\u000a    "checksum" INT,\u000a    "installed_by" VARCHAR(100) NOT NULL,\u000a    "installed_on" TIMESTAMP DEFAULT CURRENT_TIMESTAMP NOT NULL,\u000a    "execution_time" INT NOT NULL,\u000a    "success" BIT NOT NULL\u000a)
ALTER TABLE "PUBLIC"."flyway_schema_history" ADD CONSTRAINT "flyway_schema_history_pk" PRIMARY KEY ("installed_rank")
CREATE INDEX "PUBLIC"."flyway_schema_history_s_idx" ON "PUBLIC"."flyway_schema_history" ("success")
SET SCHEMA "PUBLIC"
SET SCHEMA "PUBLIC"
drop table if exists country CASCADE
drop table if exists person CASCADE
drop table if exists person_address CASCADE
drop table if exists person_image CASCADE
create table country (id bigint generated by default as identity (start with 1), name varchar(255), primary key (id))
create table person (id bigint generated by default as identity (start with 1), birthday timestamp, first_name varchar(255), gender varchar(255), last_name VARCHAR(512), primary key (id))
create table person_address (id bigint generated by default as identity (start with 1), address varchar(255), city varchar(255), postal_code varchar(255), state_province varchar(255), country_id bigint, person_id bigint, primary key (id))
create table person_image (id bigint generated by default as identity (start with 1), content_type varchar(255), image BLOB, name_image varchar(255), person_id bigint, primary key (id))
alter table person_address add constraint FKdewvkptir9fvew6kpxdbhhib foreign key (country_id) references country
alter table person_address add constraint FKnndfs0btabect8upo03uwgfxt foreign key (person_id) references person
alter table person_image add constraint FK221styo6jrj4ytx1mnlawv3fh foreign key (person_id) references person
INSERT INTO "flyway_schema_history" VALUES(1,'1','products','SQL','V1__products.sql',34429013,'SA','2021-05-10 20:42:33.777000',12,'1')
COMMIT
SET SCHEMA "PUBLIC"
/*C1*/INSERT INTO LOB_IDS VALUES(1,114521,0,30)
ALTER SEQUENCE SYSTEM_LOBS.LOB_ID RESTART WITH 2
COMMIT
DELETE FROM BLOCKS WHERE BLOCK_ADDR=0
INSERT INTO BLOCKS VALUES(0,4,0)
INSERT INTO BLOCKS VALUES(4,2147483643,0)
DELETE FROM BLOCKS WHERE BLOCK_ADDR=0
INSERT INTO LOBS VALUES(0,4,0,1)
COMMIT
INSERT INTO LOB_IDS VALUES(2,110386,0,30)
ALTER SEQUENCE SYSTEM_LOBS.LOB_ID RESTART WITH 3
COMMIT
DELETE FROM BLOCKS WHERE BLOCK_ADDR=4
INSERT INTO BLOCKS VALUES(4,4,0)
INSERT INTO BLOCKS VALUES(8,2147483639,0)
DELETE FROM BLOCKS WHERE BLOCK_ADDR=4
INSERT INTO LOBS VALUES(4,4,0,2)
COMMIT
INSERT INTO LOB_IDS VALUES(3,983861,0,30)
ALTER SEQUENCE SYSTEM_LOBS.LOB_ID RESTART WITH 4
COMMIT
DELETE FROM BLOCKS WHERE BLOCK_ADDR=8
INSERT INTO BLOCKS VALUES(8,31,0)
INSERT INTO BLOCKS VALUES(39,2147483608,0)
DELETE FROM BLOCKS WHERE BLOCK_ADDR=8
INSERT INTO LOBS VALUES(8,31,0,3)
COMMIT
/*C2*/INSERT INTO PERSON VALUES(1,'1982-04-04 00:00:00.000000','Leandro',NULL,'de Jesus')
INSERT INTO PERSON_IMAGE VALUES(1,'image/jpeg',1,'217106_103863249701202_4136359_n.jpg',1)
INSERT INTO PERSON_IMAGE VALUES(2,'image/jpeg',2,'50938124_1332431770230539_1827626305206616064_n.jpg',1)
INSERT INTO PERSON_IMAGE VALUES(3,'image/jpeg',3,'IMG_20190131_105422.jpg',1)
DELETE FROM PERSON_IMAGE WHERE ID=1
INSERT INTO PERSON_IMAGE VALUES(1,'image/jpeg',1,'217106_103863249701202_4136359_n.jpg',1)
DELETE FROM PERSON_IMAGE WHERE ID=2
INSERT INTO PERSON_IMAGE VALUES(2,'image/jpeg',2,'50938124_1332431770230539_1827626305206616064_n.jpg',1)
DELETE FROM PERSON_IMAGE WHERE ID=3
INSERT INTO PERSON_IMAGE VALUES(3,'image/jpeg',3,'IMG_20190131_105422.jpg',1)
SET SCHEMA SYSTEM_LOBS
DELETE FROM LOB_IDS WHERE LOB_ID=1
INSERT INTO LOB_IDS VALUES(1,114521,1,30)
DELETE FROM LOB_IDS WHERE LOB_ID=2
INSERT INTO LOB_IDS VALUES(2,110386,1,30)
DELETE FROM LOB_IDS WHERE LOB_ID=3
INSERT INTO LOB_IDS VALUES(3,983861,1,30)
DELETE FROM LOB_IDS WHERE LOB_ID=1
INSERT INTO LOB_IDS VALUES(1,114521,0,30)
DELETE FROM LOB_IDS WHERE LOB_ID=1
INSERT INTO LOB_IDS VALUES(1,114521,1,30)
DELETE FROM LOB_IDS WHERE LOB_ID=2
INSERT INTO LOB_IDS VALUES(2,110386,0,30)
DELETE FROM LOB_IDS WHERE LOB_ID=2
INSERT INTO LOB_IDS VALUES(2,110386,1,30)
DELETE FROM LOB_IDS WHERE LOB_ID=3
INSERT INTO LOB_IDS VALUES(3,983861,0,30)
DELETE FROM LOB_IDS WHERE LOB_ID=3
INSERT INTO LOB_IDS VALUES(3,983861,1,30)
COMMIT
/*C1*/INSERT INTO LOB_IDS VALUES(4,456098,0,30)
ALTER SEQUENCE SYSTEM_LOBS.LOB_ID RESTART WITH 5
COMMIT
DELETE FROM BLOCKS WHERE BLOCK_ADDR=39
INSERT INTO BLOCKS VALUES(39,14,0)
INSERT INTO BLOCKS VALUES(53,2147483594,0)
DELETE FROM BLOCKS WHERE BLOCK_ADDR=39
INSERT INTO LOBS VALUES(39,14,0,4)
COMMIT
INSERT INTO LOB_IDS VALUES(5,63208,0,30)
ALTER SEQUENCE SYSTEM_LOBS.LOB_ID RESTART WITH 6
COMMIT
DELETE FROM BLOCKS WHERE BLOCK_ADDR=53
INSERT INTO BLOCKS VALUES(53,2,0)
INSERT INTO BLOCKS VALUES(55,2147483592,0)
DELETE FROM BLOCKS WHERE BLOCK_ADDR=53
INSERT INTO LOBS VALUES(53,2,0,5)
COMMIT
INSERT INTO LOB_IDS VALUES(6,44702,0,30)
ALTER SEQUENCE SYSTEM_LOBS.LOB_ID RESTART WITH 7
COMMIT
DELETE FROM BLOCKS WHERE BLOCK_ADDR=55
INSERT INTO BLOCKS VALUES(55,2,0)
INSERT INTO BLOCKS VALUES(57,2147483590,0)
DELETE FROM BLOCKS WHERE BLOCK_ADDR=55
INSERT INTO LOBS VALUES(55,2,0,6)
COMMIT
INSERT INTO LOB_IDS VALUES(7,54726,0,30)
ALTER SEQUENCE SYSTEM_LOBS.LOB_ID RESTART WITH 8
COMMIT
DELETE FROM BLOCKS WHERE BLOCK_ADDR=57
INSERT INTO BLOCKS VALUES(57,2,0)
INSERT INTO BLOCKS VALUES(59,2147483588,0)
DELETE FROM BLOCKS WHERE BLOCK_ADDR=57
INSERT INTO LOBS VALUES(57,2,0,7)
COMMIT
/*C2*/SET SCHEMA PUBLIC
INSERT INTO PERSON VALUES(2,'1965-05-01 00:00:00.000000','Francisco (Tiririca)','MALE','Everardo Oliveira Silva')
INSERT INTO PERSON_IMAGE VALUES(4,'image/jpeg',4,'show_tiririca-1178098.jpg',2)
INSERT INTO PERSON_IMAGE VALUES(5,'image/jpeg',5,'tiririca-ok.jpg',2)
INSERT INTO PERSON_IMAGE VALUES(6,'image/jpeg',6,'19165428.jpg',2)
INSERT INTO PERSON_IMAGE VALUES(7,'image/jpeg',7,'size_960_16_9_tiririca12.jpg',2)
DELETE FROM PERSON_IMAGE WHERE ID=4
INSERT INTO PERSON_IMAGE VALUES(4,'image/jpeg',4,'show_tiririca-1178098.jpg',2)
DELETE FROM PERSON_IMAGE WHERE ID=5
INSERT INTO PERSON_IMAGE VALUES(5,'image/jpeg',5,'tiririca-ok.jpg',2)
DELETE FROM PERSON_IMAGE WHERE ID=6
INSERT INTO PERSON_IMAGE VALUES(6,'image/jpeg',6,'19165428.jpg',2)
DELETE FROM PERSON_IMAGE WHERE ID=7
INSERT INTO PERSON_IMAGE VALUES(7,'image/jpeg',7,'size_960_16_9_tiririca12.jpg',2)
SET SCHEMA SYSTEM_LOBS
DELETE FROM LOB_IDS WHERE LOB_ID=4
INSERT INTO LOB_IDS VALUES(4,456098,1,30)
DELETE FROM LOB_IDS WHERE LOB_ID=5
INSERT INTO LOB_IDS VALUES(5,63208,1,30)
DELETE FROM LOB_IDS WHERE LOB_ID=6
INSERT INTO LOB_IDS VALUES(6,44702,1,30)
DELETE FROM LOB_IDS WHERE LOB_ID=7
INSERT INTO LOB_IDS VALUES(7,54726,1,30)
DELETE FROM LOB_IDS WHERE LOB_ID=4
INSERT INTO LOB_IDS VALUES(4,456098,0,30)
DELETE FROM LOB_IDS WHERE LOB_ID=4
INSERT INTO LOB_IDS VALUES(4,456098,1,30)
DELETE FROM LOB_IDS WHERE LOB_ID=5
INSERT INTO LOB_IDS VALUES(5,63208,0,30)
DELETE FROM LOB_IDS WHERE LOB_ID=5
INSERT INTO LOB_IDS VALUES(5,63208,1,30)
DELETE FROM LOB_IDS WHERE LOB_ID=6
INSERT INTO LOB_IDS VALUES(6,44702,0,30)
DELETE FROM LOB_IDS WHERE LOB_ID=6
INSERT INTO LOB_IDS VALUES(6,44702,1,30)
DELETE FROM LOB_IDS WHERE LOB_ID=7
INSERT INTO LOB_IDS VALUES(7,54726,0,30)
DELETE FROM LOB_IDS WHERE LOB_ID=7
INSERT INTO LOB_IDS VALUES(7,54726,1,30)
COMMIT
/*C1*/INSERT INTO LOB_IDS VALUES(8,16548,0,30)
ALTER SEQUENCE SYSTEM_LOBS.LOB_ID RESTART WITH 9
COMMIT
DELETE FROM BLOCKS WHERE BLOCK_ADDR=59
INSERT INTO BLOCKS VALUES(59,1,0)
INSERT INTO BLOCKS VALUES(60,2147483587,0)
DELETE FROM BLOCKS WHERE BLOCK_ADDR=59
INSERT INTO LOBS VALUES(59,1,0,8)
COMMIT
INSERT INTO LOB_IDS VALUES(9,65800,0,30)
ALTER SEQUENCE SYSTEM_LOBS.LOB_ID RESTART WITH 10
COMMIT
DELETE FROM BLOCKS WHERE BLOCK_ADDR=60
INSERT INTO BLOCKS VALUES(60,3,0)
INSERT INTO BLOCKS VALUES(63,2147483584,0)
DELETE FROM BLOCKS WHERE BLOCK_ADDR=60
INSERT INTO LOBS VALUES(60,3,0,9)
COMMIT
INSERT INTO LOB_IDS VALUES(10,7715,0,30)
ALTER SEQUENCE SYSTEM_LOBS.LOB_ID RESTART WITH 11
COMMIT
DELETE FROM BLOCKS WHERE BLOCK_ADDR=63
INSERT INTO BLOCKS VALUES(63,1,0)
INSERT INTO BLOCKS VALUES(64,2147483583,0)
DELETE FROM BLOCKS WHERE BLOCK_ADDR=63
INSERT INTO LOBS VALUES(63,1,0,10)
COMMIT
INSERT INTO LOB_IDS VALUES(11,34618,0,30)
ALTER SEQUENCE SYSTEM_LOBS.LOB_ID RESTART WITH 12
COMMIT
DELETE FROM BLOCKS WHERE BLOCK_ADDR=64
INSERT INTO BLOCKS VALUES(64,2,0)
INSERT INTO BLOCKS VALUES(66,2147483581,0)
DELETE FROM BLOCKS WHERE BLOCK_ADDR=64
INSERT INTO LOBS VALUES(64,2,0,11)
COMMIT
/*C3*/SET SCHEMA PUBLIC
INSERT INTO PERSON VALUES(3,'1984-09-06 00:00:00.000000','Bruna','FEMALE','Luise')
INSERT INTO PERSON_IMAGE VALUES(8,'image/jpeg',8,'a5093034ece9127ed74346d65062253a.jpg',3)
INSERT INTO PERSON_IMAGE VALUES(9,'image/jpeg',9,'Bruna-Louise-hor.jpg',3)
INSERT INTO PERSON_IMAGE VALUES(10,'image/jpeg',10,'images.jpg',3)
INSERT INTO PERSON_IMAGE VALUES(11,'image/jpeg',11,'nuMhhQtm_400x400.jpg',3)
DELETE FROM PERSON_IMAGE WHERE ID=8
INSERT INTO PERSON_IMAGE VALUES(8,'image/jpeg',8,'a5093034ece9127ed74346d65062253a.jpg',3)
DELETE FROM PERSON_IMAGE WHERE ID=9
INSERT INTO PERSON_IMAGE VALUES(9,'image/jpeg',9,'Bruna-Louise-hor.jpg',3)
DELETE FROM PERSON_IMAGE WHERE ID=10
INSERT INTO PERSON_IMAGE VALUES(10,'image/jpeg',10,'images.jpg',3)
DELETE FROM PERSON_IMAGE WHERE ID=11
INSERT INTO PERSON_IMAGE VALUES(11,'image/jpeg',11,'nuMhhQtm_400x400.jpg',3)
SET SCHEMA SYSTEM_LOBS
DELETE FROM LOB_IDS WHERE LOB_ID=8
INSERT INTO LOB_IDS VALUES(8,16548,1,30)
DELETE FROM LOB_IDS WHERE LOB_ID=9
INSERT INTO LOB_IDS VALUES(9,65800,1,30)
DELETE FROM LOB_IDS WHERE LOB_ID=10
INSERT INTO LOB_IDS VALUES(10,7715,1,30)
DELETE FROM LOB_IDS WHERE LOB_ID=11
INSERT INTO LOB_IDS VALUES(11,34618,1,30)
DELETE FROM LOB_IDS WHERE LOB_ID=8
INSERT INTO LOB_IDS VALUES(8,16548,0,30)
DELETE FROM LOB_IDS WHERE LOB_ID=8
INSERT INTO LOB_IDS VALUES(8,16548,1,30)
DELETE FROM LOB_IDS WHERE LOB_ID=9
INSERT INTO LOB_IDS VALUES(9,65800,0,30)
DELETE FROM LOB_IDS WHERE LOB_ID=9
INSERT INTO LOB_IDS VALUES(9,65800,1,30)
DELETE FROM LOB_IDS WHERE LOB_ID=10
INSERT INTO LOB_IDS VALUES(10,7715,0,30)
DELETE FROM LOB_IDS WHERE LOB_ID=10
INSERT INTO LOB_IDS VALUES(10,7715,1,30)
DELETE FROM LOB_IDS WHERE LOB_ID=11
INSERT INTO LOB_IDS VALUES(11,34618,0,30)
DELETE FROM LOB_IDS WHERE LOB_ID=11
INSERT INTO LOB_IDS VALUES(11,34618,1,30)
COMMIT
/*C1*/INSERT INTO LOB_IDS VALUES(12,128020,0,30)
ALTER SEQUENCE SYSTEM_LOBS.LOB_ID RESTART WITH 13
COMMIT
DELETE FROM BLOCKS WHERE BLOCK_ADDR=66
INSERT INTO BLOCKS VALUES(66,4,0)
INSERT INTO BLOCKS VALUES(70,2147483577,0)
DELETE FROM BLOCKS WHERE BLOCK_ADDR=66
INSERT INTO LOBS VALUES(66,4,0,12)
COMMIT
INSERT INTO LOB_IDS VALUES(13,221950,0,30)
ALTER SEQUENCE SYSTEM_LOBS.LOB_ID RESTART WITH 14
COMMIT
DELETE FROM BLOCKS WHERE BLOCK_ADDR=70
INSERT INTO BLOCKS VALUES(70,7,0)
INSERT INTO BLOCKS VALUES(77,2147483570,0)
DELETE FROM BLOCKS WHERE BLOCK_ADDR=70
INSERT INTO LOBS VALUES(70,7,0,13)
COMMIT
INSERT INTO LOB_IDS VALUES(14,222918,0,30)
ALTER SEQUENCE SYSTEM_LOBS.LOB_ID RESTART WITH 15
COMMIT
DELETE FROM BLOCKS WHERE BLOCK_ADDR=77
INSERT INTO BLOCKS VALUES(77,7,0)
INSERT INTO BLOCKS VALUES(84,2147483563,0)
DELETE FROM BLOCKS WHERE BLOCK_ADDR=77
INSERT INTO LOBS VALUES(77,7,0,14)
COMMIT
/*C2*/SET SCHEMA PUBLIC
INSERT INTO PERSON VALUES(4,'1983-01-11 00:00:00.000000','Tata','FEMALE','Werneck')
INSERT INTO PERSON_IMAGE VALUES(12,'image/jpeg',12,'tatawerneck-2017.jpg',4)
INSERT INTO PERSON_IMAGE VALUES(13,'image/jpeg',13,'Tat\u00e1_Werneck.jpg',4)
INSERT INTO PERSON_IMAGE VALUES(14,'image/jpeg',14,'tata-werneck-editado.jpg',4)
DELETE FROM PERSON_IMAGE WHERE ID=12
INSERT INTO PERSON_IMAGE VALUES(12,'image/jpeg',12,'tatawerneck-2017.jpg',4)
DELETE FROM PERSON_IMAGE WHERE ID=13
INSERT INTO PERSON_IMAGE VALUES(13,'image/jpeg',13,'Tat\u00e1_Werneck.jpg',4)
DELETE FROM PERSON_IMAGE WHERE ID=14
INSERT INTO PERSON_IMAGE VALUES(14,'image/jpeg',14,'tata-werneck-editado.jpg',4)
SET SCHEMA SYSTEM_LOBS
DELETE FROM LOB_IDS WHERE LOB_ID=12
INSERT INTO LOB_IDS VALUES(12,128020,1,30)
DELETE FROM LOB_IDS WHERE LOB_ID=13
INSERT INTO LOB_IDS VALUES(13,221950,1,30)
DELETE FROM LOB_IDS WHERE LOB_ID=14
INSERT INTO LOB_IDS VALUES(14,222918,1,30)
DELETE FROM LOB_IDS WHERE LOB_ID=12
INSERT INTO LOB_IDS VALUES(12,128020,0,30)
DELETE FROM LOB_IDS WHERE LOB_ID=12
INSERT INTO LOB_IDS VALUES(12,128020,1,30)
DELETE FROM LOB_IDS WHERE LOB_ID=13
INSERT INTO LOB_IDS VALUES(13,221950,0,30)
DELETE FROM LOB_IDS WHERE LOB_ID=13
INSERT INTO LOB_IDS VALUES(13,221950,1,30)
DELETE FROM LOB_IDS WHERE LOB_ID=14
INSERT INTO LOB_IDS VALUES(14,222918,0,30)
DELETE FROM LOB_IDS WHERE LOB_ID=14
INSERT INTO LOB_IDS VALUES(14,222918,1,30)
COMMIT
/*C1*/INSERT INTO LOB_IDS VALUES(15,159456,0,30)
ALTER SEQUENCE SYSTEM_LOBS.LOB_ID RESTART WITH 16
COMMIT
DELETE FROM BLOCKS WHERE BLOCK_ADDR=84
INSERT INTO BLOCKS VALUES(84,5,0)
INSERT INTO BLOCKS VALUES(89,2147483558,0)
DELETE FROM BLOCKS WHERE BLOCK_ADDR=84
INSERT INTO LOBS VALUES(84,5,0,15)
COMMIT
INSERT INTO LOB_IDS VALUES(16,22313,0,30)
ALTER SEQUENCE SYSTEM_LOBS.LOB_ID RESTART WITH 17
COMMIT
DELETE FROM BLOCKS WHERE BLOCK_ADDR=89
INSERT INTO BLOCKS VALUES(89,1,0)
INSERT INTO BLOCKS VALUES(90,2147483557,0)
DELETE FROM BLOCKS WHERE BLOCK_ADDR=89
INSERT INTO LOBS VALUES(89,1,0,16)
COMMIT
INSERT INTO LOB_IDS VALUES(17,306681,0,30)
ALTER SEQUENCE SYSTEM_LOBS.LOB_ID RESTART WITH 18
COMMIT
DELETE FROM BLOCKS WHERE BLOCK_ADDR=90
INSERT INTO BLOCKS VALUES(90,10,0)
INSERT INTO BLOCKS VALUES(100,2147483547,0)
DELETE FROM BLOCKS WHERE BLOCK_ADDR=90
INSERT INTO LOBS VALUES(90,10,0,17)
COMMIT
/*C4*/SET SCHEMA PUBLIC
INSERT INTO PERSON VALUES(5,'1957-09-16 00:00:00.000000','Marcondes ','MALE','Falc\u00e3o Maia ')
INSERT INTO PERSON_IMAGE VALUES(15,'image/jpeg',15,'T_falcao.jpg',5)
INSERT INTO PERSON_IMAGE VALUES(16,'image/jpeg',16,'falcao.jpg',5)
INSERT INTO PERSON_IMAGE VALUES(17,'image/jpeg',17,'impressoes_falcao_01_credito_divulgacao_tv_brasil.jpg',5)
DELETE FROM PERSON_IMAGE WHERE ID=15
INSERT INTO PERSON_IMAGE VALUES(15,'image/jpeg',15,'T_falcao.jpg',5)
DELETE FROM PERSON_IMAGE WHERE ID=16
INSERT INTO PERSON_IMAGE VALUES(16,'image/jpeg',16,'falcao.jpg',5)
DELETE FROM PERSON_IMAGE WHERE ID=17
INSERT INTO PERSON_IMAGE VALUES(17,'image/jpeg',17,'impressoes_falcao_01_credito_divulgacao_tv_brasil.jpg',5)
SET SCHEMA SYSTEM_LOBS
DELETE FROM LOB_IDS WHERE LOB_ID=15
INSERT INTO LOB_IDS VALUES(15,159456,1,30)
DELETE FROM LOB_IDS WHERE LOB_ID=16
INSERT INTO LOB_IDS VALUES(16,22313,1,30)
DELETE FROM LOB_IDS WHERE LOB_ID=17
INSERT INTO LOB_IDS VALUES(17,306681,1,30)
DELETE FROM LOB_IDS WHERE LOB_ID=15
INSERT INTO LOB_IDS VALUES(15,159456,0,30)
DELETE FROM LOB_IDS WHERE LOB_ID=15
INSERT INTO LOB_IDS VALUES(15,159456,1,30)
DELETE FROM LOB_IDS WHERE LOB_ID=16
INSERT INTO LOB_IDS VALUES(16,22313,0,30)
DELETE FROM LOB_IDS WHERE LOB_ID=16
INSERT INTO LOB_IDS VALUES(16,22313,1,30)
DELETE FROM LOB_IDS WHERE LOB_ID=17
INSERT INTO LOB_IDS VALUES(17,306681,0,30)
DELETE FROM LOB_IDS WHERE LOB_ID=17
INSERT INTO LOB_IDS VALUES(17,306681,1,30)
COMMIT
